  Assembling ver2048.asm...
ver2048.asm(6): error A2108: use of register assumed to ERROR
ver2048.asm(6): error A2008: syntax error : dd
ver2048.asm(13): error A2108: use of register assumed to ERROR
ver2048.asm(13): error A2008: syntax error : dd
ver2048.asm(18): error A2108: use of register assumed to ERROR
ver2048.asm(18): error A2008: syntax error : dd
ver2048.asm(82): error A2008: syntax error : .
ver2048.asm(103): error A2008: syntax error : .
ver2048.asm(118): error A2008: syntax error : .
ver2048.asm(134): error A2008: syntax error : .
ver2048.asm(180): error A2008: syntax error : .
ver2048.asm(205): error A2008: syntax error : .
ver2048.asm(218): error A2008: syntax error : .
ver2048.asm(221): error A2008: syntax error : .
ver2048.asm(248): error A2008: syntax error : .
ver2048.asm(254): error A2008: syntax error : .
ver2048.asm(255): error A2008: syntax error : .
ver2048.asm(256): error A2008: syntax error : .
ver2048.asm(279): error A2008: syntax error : .
ver2048.asm(282): error A2008: syntax error : .
ver2048.asm(321): error A2008: syntax error : .
ver2048.asm(325): error A2008: syntax error : .
ver2048.asm(415): error A2008: syntax error : .
ver2048.asm(418): error A2008: syntax error : .
ver2048.asm(465): error A2008: syntax error : .
ver2048.asm(468): error A2008: syntax error : .
ver2048.asm(469): error A2008: syntax error : .
ver2048.asm(470): error A2008: syntax error : .
ver2048.asm(471): error A2008: syntax error : .
ver2048.asm(472): error A2008: syntax error : .
ver2048.asm(479): error A2008: syntax error : .
ver2048.asm(483): error A2008: syntax error : .
ver2048.asm(487): error A2008: syntax error : .
ver2048.asm(491): error A2008: syntax error : .
ver2048.asm(495): error A2008: syntax error : .
ver2048.asm(499): error A2008: syntax error : .
ver2048.asm(503): error A2008: syntax error : .
ver2048.asm(507): error A2008: syntax error : .
ver2048.asm(511): error A2008: syntax error : .
ver2048.asm(515): error A2008: syntax error : .
ver2048.asm(519): error A2008: syntax error : .
ver2048.asm(523): error A2008: syntax error : .
ver2048.asm(576): error A2008: syntax error : .
ver2048.asm(586): error A2008: syntax error : .
ver2048.asm(593): error A2008: syntax error : .
ver2048.asm(610): error A2008: syntax error : .
ver2048.asm(620): error A2008: syntax error : .
ver2048.asm(623): error A2008: syntax error : .
ver2048.asm(624): error A2008: syntax error : .
ver2048.asm(625): error A2008: syntax error : .
ver2048.asm(637): error A2008: syntax error : .
ver2048.asm(641): error A2008: syntax error : .
ver2048.asm(667): error A2008: syntax error : .
ver2048.asm(668): error A2008: syntax error : .
ver2048.asm(670): error A2108: use of register assumed to ERROR
ver2048.asm(670): error A2008: syntax error : dd
ver2048.asm(687): error A2008: syntax error : .
ver2048.asm(709): error A2008: syntax error : .
ver2048.asm(722): error A2008: syntax error : .
ver2048.asm(732): error A2008: syntax error : .
ver2048.asm(733): error A2008: syntax error : .
ver2048.asm(748): error A2008: syntax error : .
ver2048.asm(753): error A2008: syntax error : .
ver2048.asm(758): error A2008: syntax error : .
ver2048.asm(788): error A2008: syntax error : .
ver2048.asm(791): error A2008: syntax error : .
ver2048.asm(805): error A2008: syntax error : .
ver2048.asm(812): error A2108: use of register assumed to ERROR
ver2048.asm(812): error A2008: syntax error : db
ver2048.asm(813): error A2108: use of register assumed to ERROR
ver2048.asm(813): error A2008: syntax error : dd
ver2048.asm(815): error A2108: use of register assumed to ERROR
ver2048.asm(815): error A2008: syntax error : dd
ver2048.asm(817): error A2108: use of register assumed to ERROR
ver2048.asm(817): error A2008: syntax error : dd
ver2048.asm(818): error A2108: use of register assumed to ERROR
ver2048.asm(818): error A2008: syntax error : dd
ver2048.asm(820): error A2108: use of register assumed to ERROR
ver2048.asm(821): error A2008: syntax error : .
ver2048.asm(822): error A2008: syntax error : .
ver2048.asm(824): error A2108: use of register assumed to ERROR
ver2048.asm(824): error A2008: syntax error : dw
ver2048.asm(825): error A2108: use of register assumed to ERROR
ver2048.asm(825): error A2008: syntax error : dw
ver2048.asm(827): error A2108: use of register assumed to ERROR
ver2048.asm(827): error A2008: syntax error : dw
ver2048.asm(828): error A2008: syntax error : DEFAULT
ver2048.asm(841): error A2068: instruction prefix not allowed
ver2048.asm(846): error A2008: syntax error : .
ver2048.asm(38): error A2206: missing operator in expression
ver2048.asm(44): error A2206: missing operator in expression
ver2048.asm(45): error A2206: missing operator in expression
ver2048.asm(87): error A2006: undefined symbol : allColumns
ver2048.asm(108): error A2006: undefined symbol : allColumns
ver2048.asm(123): error A2006: undefined symbol : allColumns
ver2048.asm(139): error A2006: undefined symbol : allColumns
ver2048.asm(149): error A2206: missing operator in expression
ver2048.asm(155): error A2022: instruction operands must be the same size
ver2048.asm(162): error A2206: missing operator in expression
ver2048.asm(181): error A2009: syntax error in expression
ver2048.asm(182): fatal error A1012: error count exceeds 100; stopping assembly
C:\Program Files (x86)\Microsoft Visual Studio\2017\Enterprise\Common7\IDE\VC\VCTargets\BuildCustomizations\masm.targets(50,5): error MSB3721: The command "ml.exe /c /nologo /Sg /Zi /Fo"Debug\ver2048.obj" /Fl"Project.lst" /I "c:\Irvine" /W3 /errorReport:prompt  /Taver2048.asm" exited with code 1.
